INFO 2026-01-18 01:00:49,662 v1(7) node_modules/@gulux/application/lib/application.js:166 192.168.31.75 i18n_fe.opera.node - default - - GuluX will use @gulux/gulux as default framework
INFO 2026-01-18 01:00:56,073 v1(7) node_modules/@gulux/application/lib/application.js:166 192.168.31.75 i18n_fe.opera.node - default - - GuluX will use @gulux/gulux as default framework
ERROR 2026-01-18 01:00:58,775 v1(7) node_modules/@gulux/application/lib/application.js:254 192.168.31.75 i18n_fe.opera.node - default - - [gulux]::UnhandledRejection TSError: ⨯ Unable to compile TypeScript:
[96mservice/history.service.ts[0m:[93m67[0m:[93m28[0m - [91merror[0m[90m TS2339: [0mProperty 'editConfig' does not exist on type 'LeanDocument<DocumentType<Generation, BeAnObject>>'.

[7m67[0m           editConfig: item.editConfig,
[7m  [0m [91m                           ~~~~~~~~~~[0m

    at createTSError (/Users/bytedance/Desktop/seeseezz/lemoai_gulux/Lemon8_ai_studio/server/node_modules/ts-node/src/index.ts:859:12)
    at reportTSError (/Users/bytedance/Desktop/seeseezz/lemoai_gulux/Lemon8_ai_studio/server/node_modules/ts-node/src/index.ts:863:19)
    at getOutput (/Users/bytedance/Desktop/seeseezz/lemoai_gulux/Lemon8_ai_studio/server/node_modules/ts-node/src/index.ts:1077:36)
    at Object.compile (/Users/bytedance/Desktop/seeseezz/lemoai_gulux/Lemon8_ai_studio/server/node_modules/ts-node/src/index.ts:1433:41)
    at Module.m._compile (/Users/bytedance/Desktop/seeseezz/lemoai_gulux/Lemon8_ai_studio/server/node_modules/ts-node/src/index.ts:1617:30)
    at node:internal/modules/cjs/loader:1895:10
    at Object.require.extensions.<computed> [as .ts] (/Users/bytedance/Desktop/seeseezz/lemoai_gulux/Lemon8_ai_studio/server/node_modules/ts-node/src/index.ts:1621:12)
    at Module.load (node:internal/modules/cjs/loader:1465:32)
    at Function._load (node:internal/modules/cjs/loader:1282:12)
    at TracingChannel.traceSync (node:diagnostics_channel:322:14)
    at wrapModuleLoad (node:internal/modules/cjs/loader:235:24)
    at Module.require (node:internal/modules/cjs/loader:1487:12)
    at require (node:internal/modules/helpers:135:16)
    at Object.<anonymous> (/Users/bytedance/Desktop/seeseezz/lemoai_gulux/Lemon8_ai_studio/server/controller/history.controller.ts:3:1)
    at Module._compile (node:internal/modules/cjs/loader:1730:14)
    at Module.m._compile (/Users/bytedance/Desktop/seeseezz/lemoai_gulux/Lemon8_ai_studio/server/node_modules/ts-node/src/index.ts:1618:23)
INFO 2026-01-18 01:01:13,109 v1(7) node_modules/@gulux/application/lib/application.js:166 192.168.31.75 i18n_fe.opera.node - default - - GuluX will use @gulux/gulux as default framework
INFO 2026-01-18 01:01:20,553 v1(7) server/node_modules/@gulux/application-http/lib/protocol_app.js:114 192.168.31.75 i18n_fe.opera.node - default - - [gulux] server started at port: 3000
